<?xml version="1.0" encoding="UTF-8"?>
<!-- Generated by org.testng.reporters.JUnitReportReporter -->
<testsuite hostname="DESKTOP-63O5155" name="org.pricesAndNames.Flipkart" tests="1" failures="0" timestamp="5 Oct 2023 07:56:31 GMT" time="20.120" errors="0">
  <testcase name="searchPage" time="20.120" classname="org.pricesAndNames.Flipkart"/>
</testsuite> <!-- org.pricesAndNames.Flipkart -->
