<?xml version="1.0" encoding="UTF-8"?>
<!-- Generated by org.testng.reporters.JUnitReportReporter -->
<testsuite hostname="DESKTOP-63O5155" name="org.man.Sample" tests="1" failures="0" timestamp="22 Sep 2023 07:07:39 GMT" time="0.000" errors="0">
  <testcase name="test" time="0.000" classname="org.man.Sample"/>
</testsuite> <!-- org.man.Sample -->
