<?xml version="1.0" encoding="UTF-8"?>
<!-- Generated by org.testng.reporters.JUnitReportReporter -->
<testsuite hostname="DESKTOP-63O5155" name="org.test.Sample" tests="1" failures="0" timestamp="25 Sep 2023 08:47:38 GMT" time="32.686" errors="0">
  <testcase name="test" time="32.686" classname="org.test.Sample"/>
</testsuite> <!-- org.test.Sample -->
