<?xml version="1.0" encoding="UTF-8"?>
<!-- Generated by org.testng.reporters.JUnitReportReporter -->
<testsuite hostname="DESKTOP-63O5155" name="org.man.Sample3" tests="1" failures="0" timestamp="22 Sep 2023 07:07:39 GMT" time="0.016" errors="0">
  <testcase name="test" time="0.016" classname="org.man.Sample3"/>
</testsuite> <!-- org.man.Sample3 -->
