<?xml version="1.0" encoding="UTF-8"?>
<!-- Generated by org.testng.reporters.JUnitReportReporter -->
<testsuite hostname="DESKTOP-63O5155" name="org.man.Sample4" tests="3" failures="0" timestamp="25 Sep 2023 09:41:44 GMT" time="52.647" errors="0">
  <testcase name="actin" time="52.631" classname="org.man.Sample4"/>
  <testcase name="test2" time="0.000" classname="org.man.Sample4"/>
  <testcase name="test" time="0.016" classname="org.man.Sample4"/>
</testsuite> <!-- org.man.Sample4 -->
