<?xml version="1.0" encoding="UTF-8"?>
<!-- Generated by org.testng.reporters.JUnitReportReporter -->
<testsuite hostname="DESKTOP-63O5155" name="org.pricesAndNames.Flipkart" tests="1" failures="0" timestamp="4 Oct 2023 15:26:45 GMT" time="14.781" errors="0">
  <testcase name="searchPage" time="14.781" classname="org.pricesAndNames.Flipkart"/>
</testsuite> <!-- org.pricesAndNames.Flipkart -->
